<?xml version="1.0" encoding="UTF-8"?>
<testsuites>
  <testsuite name="D:\School\school-result-management\phpunit.xml" tests="31" assertions="80" errors="0" failures="3" skipped="0" time="2.986699">
    <testsuite name="Unit" tests="7" assertions="21" errors="0" failures="2" skipped="0" time="0.795751">
      <testsuite name="Tests\Unit\ExampleTest" file="D:\School\school-result-management\tests\Unit\ExampleTest.php" tests="1" assertions="1" errors="0" failures="0" skipped="0" time="0.006217">
        <testcase name="test_that_true_is_true" file="D:\School\school-result-management\tests\Unit\ExampleTest.php" line="12" class="Tests\Unit\ExampleTest" classname="Tests.Unit.ExampleTest" assertions="1" time="0.006217"/>
      </testsuite>
      <testsuite name="Tests\Unit\SchoolServiceTest" file="D:\School\school-result-management\tests\Unit\SchoolServiceTest.php" tests="5" assertions="19" errors="0" failures="2" skipped="0" time="0.788405">
        <testcase name="it_returns_default_school_info_when_none_exists" file="D:\School\school-result-management\tests\Unit\SchoolServiceTest.php" line="16" class="Tests\Unit\SchoolServiceTest" classname="Tests.Unit.SchoolServiceTest" assertions="2" time="0.608701"/>
        <testcase name="it_returns_cached_school_info" file="D:\School\school-result-management\tests\Unit\SchoolServiceTest.php" line="26" class="Tests\Unit\SchoolServiceTest" classname="Tests.Unit.SchoolServiceTest" assertions="5" time="0.064994"/>
        <testcase name="it_gets_current_academic_year" file="D:\School\school-result-management\tests\Unit\SchoolServiceTest.php" line="59" class="Tests\Unit\SchoolServiceTest" classname="Tests.Unit.SchoolServiceTest" assertions="2" time="0.061900">
          <failure type="PHPUnit\Framework\ExpectationFailedException">Tests\Unit\SchoolServiceTest::it_gets_current_academic_year&#13;
Failed asserting that two strings are equal.
--- Expected
+++ Actual
@@ @@
-'2025-2026'
+'2024-2025'
&#13;
D:\School\school-result-management\tests\Unit\SchoolServiceTest.php:78</failure>
        </testcase>
        <testcase name="it_gets_academic_year_options" file="D:\School\school-result-management\tests\Unit\SchoolServiceTest.php" line="87" class="Tests\Unit\SchoolServiceTest" classname="Tests.Unit.SchoolServiceTest" assertions="4" time="0.023420">
          <failure type="PHPUnit\Framework\ExpectationFailedException">Tests\Unit\SchoolServiceTest::it_gets_academic_year_options&#13;
Failed asserting that an array has the key '2026-2027'.
&#13;
D:\School\school-result-management\tests\Unit\SchoolServiceTest.php:100</failure>
        </testcase>
        <testcase name="it_updates_school_info" file="D:\School\school-result-management\tests\Unit\SchoolServiceTest.php" line="104" class="Tests\Unit\SchoolServiceTest" classname="Tests.Unit.SchoolServiceTest" assertions="6" time="0.029390"/>
      </testsuite>
      <testsuite name="Tests\Unit\SimpleTest" file="D:\School\school-result-management\tests\Unit\SimpleTest.php" tests="1" assertions="1" errors="0" failures="0" skipped="0" time="0.001129">
        <testcase name="test_basic_test" file="D:\School\school-result-management\tests\Unit\SimpleTest.php" line="9" class="Tests\Unit\SimpleTest" classname="Tests.Unit.SimpleTest" assertions="1" time="0.001129"/>
      </testsuite>
    </testsuite>
    <testsuite name="Feature" tests="24" assertions="59" errors="0" failures="1" skipped="0" time="2.190948">
      <testsuite name="Tests\Feature\Auth\AuthenticationTest" file="D:\School\school-result-management\tests\Feature\Auth\AuthenticationTest.php" tests="4" assertions="8" errors="0" failures="0" skipped="0" time="0.523127">
        <testcase name="test_login_screen_can_be_rendered" file="D:\School\school-result-management\tests\Feature\Auth\AuthenticationTest.php" line="13" class="Tests\Feature\Auth\AuthenticationTest" classname="Tests.Feature.Auth.AuthenticationTest" assertions="1" time="0.115087"/>
        <testcase name="test_users_can_authenticate_using_the_login_screen" file="D:\School\school-result-management\tests\Feature\Auth\AuthenticationTest.php" line="20" class="Tests\Feature\Auth\AuthenticationTest" classname="Tests.Feature.Auth.AuthenticationTest" assertions="3" time="0.142503"/>
        <testcase name="test_users_can_not_authenticate_with_invalid_password" file="D:\School\school-result-management\tests\Feature\Auth\AuthenticationTest.php" line="33" class="Tests\Feature\Auth\AuthenticationTest" classname="Tests.Feature.Auth.AuthenticationTest" assertions="1" time="0.236167"/>
        <testcase name="test_users_can_logout" file="D:\School\school-result-management\tests\Feature\Auth\AuthenticationTest.php" line="45" class="Tests\Feature\Auth\AuthenticationTest" classname="Tests.Feature.Auth.AuthenticationTest" assertions="3" time="0.029370"/>
      </testsuite>
      <testsuite name="Tests\Feature\Auth\EmailVerificationTest" file="D:\School\school-result-management\tests\Feature\Auth\EmailVerificationTest.php" tests="3" assertions="6" errors="0" failures="0" skipped="0" time="0.101235">
        <testcase name="test_email_verification_screen_can_be_rendered" file="D:\School\school-result-management\tests\Feature\Auth\EmailVerificationTest.php" line="16" class="Tests\Feature\Auth\EmailVerificationTest" classname="Tests.Feature.Auth.EmailVerificationTest" assertions="1" time="0.032100"/>
        <testcase name="test_email_can_be_verified" file="D:\School\school-result-management\tests\Feature\Auth\EmailVerificationTest.php" line="25" class="Tests\Feature\Auth\EmailVerificationTest" classname="Tests.Feature.Auth.EmailVerificationTest" assertions="4" time="0.035490"/>
        <testcase name="test_email_is_not_verified_with_invalid_hash" file="D:\School\school-result-management\tests\Feature\Auth\EmailVerificationTest.php" line="44" class="Tests\Feature\Auth\EmailVerificationTest" classname="Tests.Feature.Auth.EmailVerificationTest" assertions="1" time="0.033645"/>
      </testsuite>
      <testsuite name="Tests\Feature\Auth\PasswordConfirmationTest" file="D:\School\school-result-management\tests\Feature\Auth\PasswordConfirmationTest.php" tests="3" assertions="4" errors="0" failures="0" skipped="0" time="0.334788">
        <testcase name="test_confirm_password_screen_can_be_rendered" file="D:\School\school-result-management\tests\Feature\Auth\PasswordConfirmationTest.php" line="13" class="Tests\Feature\Auth\PasswordConfirmationTest" classname="Tests.Feature.Auth.PasswordConfirmationTest" assertions="1" time="0.051049"/>
        <testcase name="test_password_can_be_confirmed" file="D:\School\school-result-management\tests\Feature\Auth\PasswordConfirmationTest.php" line="22" class="Tests\Feature\Auth\PasswordConfirmationTest" classname="Tests.Feature.Auth.PasswordConfirmationTest" assertions="2" time="0.036352"/>
        <testcase name="test_password_is_not_confirmed_with_invalid_password" file="D:\School\school-result-management\tests\Feature\Auth\PasswordConfirmationTest.php" line="34" class="Tests\Feature\Auth\PasswordConfirmationTest" classname="Tests.Feature.Auth.PasswordConfirmationTest" assertions="1" time="0.247388"/>
      </testsuite>
      <testsuite name="Tests\Feature\Auth\PasswordResetTest" file="D:\School\school-result-management\tests\Feature\Auth\PasswordResetTest.php" tests="4" assertions="8" errors="0" failures="0" skipped="0" time="0.829231">
        <testcase name="test_reset_password_link_screen_can_be_rendered" file="D:\School\school-result-management\tests\Feature\Auth\PasswordResetTest.php" line="15" class="Tests\Feature\Auth\PasswordResetTest" classname="Tests.Feature.Auth.PasswordResetTest" assertions="1" time="0.041557"/>
        <testcase name="test_reset_password_link_can_be_requested" file="D:\School\school-result-management\tests\Feature\Auth\PasswordResetTest.php" line="22" class="Tests\Feature\Auth\PasswordResetTest" classname="Tests.Feature.Auth.PasswordResetTest" assertions="1" time="0.249943"/>
        <testcase name="test_reset_password_screen_can_be_rendered" file="D:\School\school-result-management\tests\Feature\Auth\PasswordResetTest.php" line="33" class="Tests\Feature\Auth\PasswordResetTest" classname="Tests.Feature.Auth.PasswordResetTest" assertions="2" time="0.269432"/>
        <testcase name="test_password_can_be_reset_with_valid_token" file="D:\School\school-result-management\tests\Feature\Auth\PasswordResetTest.php" line="50" class="Tests\Feature\Auth\PasswordResetTest" classname="Tests.Feature.Auth.PasswordResetTest" assertions="4" time="0.268299"/>
      </testsuite>
      <testsuite name="Tests\Feature\Auth\PasswordUpdateTest" file="D:\School\school-result-management\tests\Feature\Auth\PasswordUpdateTest.php" tests="2" assertions="8" errors="0" failures="0" skipped="0" time="0.084733">
        <testcase name="test_password_can_be_updated" file="D:\School\school-result-management\tests\Feature\Auth\PasswordUpdateTest.php" line="14" class="Tests\Feature\Auth\PasswordUpdateTest" classname="Tests.Feature.Auth.PasswordUpdateTest" assertions="4" time="0.047328"/>
        <testcase name="test_correct_password_must_be_provided_to_update_password" file="D:\School\school-result-management\tests\Feature\Auth\PasswordUpdateTest.php" line="34" class="Tests\Feature\Auth\PasswordUpdateTest" classname="Tests.Feature.Auth.PasswordUpdateTest" assertions="4" time="0.037405"/>
      </testsuite>
      <testsuite name="Tests\Feature\Auth\RegistrationTest" file="D:\School\school-result-management\tests\Feature\Auth\RegistrationTest.php" tests="2" assertions="3" errors="0" failures="1" skipped="0" time="0.075729">
        <testcase name="test_registration_screen_can_be_rendered" file="D:\School\school-result-management\tests\Feature\Auth\RegistrationTest.php" line="12" class="Tests\Feature\Auth\RegistrationTest" classname="Tests.Feature.Auth.RegistrationTest" assertions="1" time="0.040114"/>
        <testcase name="test_new_users_can_register" file="D:\School\school-result-management\tests\Feature\Auth\RegistrationTest.php" line="19" class="Tests\Feature\Auth\RegistrationTest" classname="Tests.Feature.Auth.RegistrationTest" assertions="2" time="0.035615">
          <failure type="PHPUnit\Framework\ExpectationFailedException">Tests\Feature\Auth\RegistrationTest::test_new_users_can_register&#13;
Expected response status code [201, 301, 302, 303, 307, 308] but received 204.
Failed asserting that false is true.
&#13;
D:\School\school-result-management\vendor\laravel\framework\src\Illuminate\Testing\TestResponseAssert.php:45
D:\School\school-result-management\vendor\laravel\framework\src\Illuminate\Testing\TestResponse.php:199
D:\School\school-result-management\tests\Feature\Auth\RegistrationTest.php:29</failure>
        </testcase>
      </testsuite>
      <testsuite name="Tests\Feature\ExampleTest" file="D:\School\school-result-management\tests\Feature\ExampleTest.php" tests="1" assertions="1" errors="0" failures="0" skipped="0" time="0.033016">
        <testcase name="test_the_application_returns_a_successful_response" file="D:\School\school-result-management\tests\Feature\ExampleTest.php" line="13" class="Tests\Feature\ExampleTest" classname="Tests.Feature.ExampleTest" assertions="1" time="0.033016"/>
      </testsuite>
      <testsuite name="Tests\Feature\ProfileTest" file="D:\School\school-result-management\tests\Feature\ProfileTest.php" tests="5" assertions="21" errors="0" failures="0" skipped="0" time="0.209088">
        <testcase name="test_profile_page_is_displayed" file="D:\School\school-result-management\tests\Feature\ProfileTest.php" line="13" class="Tests\Feature\ProfileTest" classname="Tests.Feature.ProfileTest" assertions="1" time="0.067723"/>
        <testcase name="test_profile_information_can_be_updated" file="D:\School\school-result-management\tests\Feature\ProfileTest.php" line="24" class="Tests\Feature\ProfileTest" classname="Tests.Feature.ProfileTest" assertions="6" time="0.028570"/>
        <testcase name="test_email_verification_status_is_unchanged_when_the_email_address_is_unchanged" file="D:\School\school-result-management\tests\Feature\ProfileTest.php" line="46" class="Tests\Feature\ProfileTest" classname="Tests.Feature.ProfileTest" assertions="4" time="0.029819"/>
        <testcase name="test_user_can_delete_their_account" file="D:\School\school-result-management\tests\Feature\ProfileTest.php" line="64" class="Tests\Feature\ProfileTest" classname="Tests.Feature.ProfileTest" assertions="5" time="0.041976"/>
        <testcase name="test_correct_password_must_be_provided_to_delete_account" file="D:\School\school-result-management\tests\Feature\ProfileTest.php" line="82" class="Tests\Feature\ProfileTest" classname="Tests.Feature.ProfileTest" assertions="5" time="0.041000"/>
      </testsuite>
    </testsuite>
  </testsuite>
</testsuites>
